<?xml version="1.0" encoding="UTF-8"?>
<testsuite xmlns:xsi="http://www.w3.org/2001/XMLSchema-instance" xsi:noNamespaceSchemaLocation="https://maven.apache.org/surefire/maven-surefire-plugin/xsd/surefire-test-report-3.0.xsd" version="3.0" name="com.herokuapp.tests.contextMenu.ContextMenuTest" time="10.725" tests="1" errors="0" skipped="0" failures="0">
  <properties>
[...]
</properties>
  <testcase name="rightClickTest" classname="com.herokuapp.tests.contextMenu.ContextMenuTest" time="10.721">
    <system-out><![CDATA[22:30:08.024 [main] INFO  com.herokuapp.utils.MyListener -- Open url - https://the-internet.herokuapp.com/
22:30:12.838 [main] INFO  com.herokuapp.tests.TestBase -- Start test -> Optional[public void com.herokuapp.tests.contextMenu.ContextMenuTest.rightClickTest()]
22:30:12.953 [main] INFO  com.herokuapp.utils.MyListener -- We click element [[ChromeDriver: chrome on mac (2e7347b7e62c0f75cf6348f4eb8b70e1)] -> css selector: a[href='/context_menu']]
22:30:15.140 [main] INFO  com.herokuapp.utils.MyListener -- We have alert You selected a context menu
22:30:15.506 [main] INFO  com.herokuapp.tests.TestBase -- Stop test
22:30:15.506 [main] INFO  com.herokuapp.tests.TestBase -- ****************************************
]]></system-out>
    <system-err><![CDATA[апр. 06, 2025 10:30:07 PM org.openqa.selenium.devtools.CdpVersionFinder findNearestMatch
WARNING: Unable to find an exact match for CDP version 135, returning the closest version; found: 133; Please update to a Selenium version that supports CDP version 135
]]></system-err>
  </testcase>
</testsuite>